# Logfile created on 2014-02-10 21:41:26 -0800 by logger.rb/41954
I, [2014-02-10T21:41:26.925865 #65329]  INFO -- : 0:  hashie (2.0.5) from /Users/silvis/.rvm/gems/ruby-2.0.0-p353/specifications/hashie-2.0.5.gemspec
I, [2014-02-10T21:41:27.837012 #65329]  INFO -- : 0:  net-http-persistent (2.8) from /Users/silvis/.rvm/gems/ruby-2.0.0-p353/specifications/net-http-persistent-2.8.gemspec
I, [2014-02-10T21:41:28.399882 #65329]  INFO -- : 0:  mime-types (1.23) from /Users/silvis/.rvm/gems/ruby-2.0.0-p353/specifications/mime-types-1.23.gemspec
I, [2014-02-10T21:41:29.385441 #65329]  INFO -- : 0:  rest-client (1.6.7) from /Users/silvis/.rvm/gems/ruby-2.0.0-p353/specifications/rest-client-1.6.7.gemspec
I, [2014-02-10T21:41:30.142862 #65329]  INFO -- : 0:  rest (2.6.3) from /Users/silvis/.rvm/gems/ruby-2.0.0-p353/specifications/rest-2.6.3.gemspec
I, [2014-02-10T21:41:30.643815 #65329]  INFO -- : 0:  iron_core (0.6.2) from /Users/silvis/.rvm/gems/ruby-2.0.0-p353/specifications/iron_core-0.6.2.gemspec
I, [2014-02-10T21:41:31.139554 #65329]  INFO -- : 0:  iron_mq (4.0.3) from /Users/silvis/.rvm/gems/ruby-2.0.0-p353/specifications/iron_mq-4.0.3.gemspec
I, [2014-02-10T21:41:31.139876 #65329]  INFO -- : 0:  bundler (1.5.1) from /Users/silvis/.rvm/gems/ruby-2.0.0-p353@global/specifications/bundler-1.5.1.gemspec
I, [2014-02-10T21:41:32.130051 #65329]  INFO -- : 0:  rubyzip (0.9.9) from /Users/silvis/.rvm/gems/ruby-2.0.0-p353/specifications/rubyzip-0.9.9.gemspec
I, [2014-02-10T21:41:32.976696 #65329]  INFO -- : 0:  iron_worker_ng (0.16.4) from /Users/silvis/.rvm/gems/ruby-2.0.0-p353/specifications/iron_worker_ng-0.16.4.gemspec
I, [2014-02-10T21:41:34.901423 #65329]  INFO -- : 0:  patron (0.4.18) from /Users/silvis/.rvm/gems/ruby-2.0.0-p353/specifications/patron-0.4.18.gemspec
I, [2014-02-10T21:41:36.123900 #65329]  INFO -- : 0:  parse-ruby-client (0.1.15) from /Users/silvis/.rvm/gems/ruby-2.0.0-p353/specifications/parse-ruby-client-0.1.15.gemspec
I, [2014-03-09T21:16:23.112327 #48941]  INFO -- : 0:  hashie (2.0.5) from /Users/silvis/.rvm/gems/ruby-1.9.3-p484/specifications/hashie-2.0.5.gemspec
I, [2014-03-09T21:16:24.078170 #48941]  INFO -- : 0:  net-http-persistent (2.8) from /Users/silvis/.rvm/gems/ruby-1.9.3-p484/specifications/net-http-persistent-2.8.gemspec
I, [2014-03-09T21:16:24.969371 #48941]  INFO -- : 0:  mime-types (1.23) from /Users/silvis/.rvm/gems/ruby-1.9.3-p484/specifications/mime-types-1.23.gemspec
I, [2014-03-09T21:16:26.071900 #48941]  INFO -- : 0:  rest-client (1.6.7) from /Users/silvis/.rvm/gems/ruby-1.9.3-p484/specifications/rest-client-1.6.7.gemspec
I, [2014-03-09T21:16:27.205651 #48941]  INFO -- : 0:  rest (2.6.3) from /Users/silvis/.rvm/gems/ruby-1.9.3-p484/specifications/rest-2.6.3.gemspec
I, [2014-03-09T21:16:27.744377 #48941]  INFO -- : 0:  iron_core (0.6.2) from /Users/silvis/.rvm/gems/ruby-1.9.3-p484/specifications/iron_core-0.6.2.gemspec
I, [2014-03-09T21:16:28.301820 #48941]  INFO -- : 0:  iron_mq (4.0.3) from /Users/silvis/.rvm/gems/ruby-1.9.3-p484/specifications/iron_mq-4.0.3.gemspec
I, [2014-03-09T21:16:28.302452 #48941]  INFO -- : 0:  bundler (1.5.1) from /Users/silvis/.rvm/gems/ruby-1.9.3-p484@global/specifications/bundler-1.5.1.gemspec
I, [2014-03-09T21:16:29.136843 #48941]  INFO -- : 0:  rubyzip (0.9.9) from /Users/silvis/.rvm/gems/ruby-1.9.3-p484/specifications/rubyzip-0.9.9.gemspec
I, [2014-03-09T21:16:29.997402 #48941]  INFO -- : 0:  iron_worker_ng (0.16.4) from /Users/silvis/.rvm/gems/ruby-1.9.3-p484/specifications/iron_worker_ng-0.16.4.gemspec
I, [2014-03-09T21:16:32.436711 #48941]  INFO -- : 0:  patron (0.4.18) from /Users/silvis/.rvm/gems/ruby-1.9.3-p484/specifications/patron-0.4.18.gemspec
I, [2014-03-09T21:16:33.711352 #48941]  INFO -- : 0:  parse-ruby-client (0.1.15) from /Users/silvis/.rvm/gems/ruby-1.9.3-p484/specifications/parse-ruby-client-0.1.15.gemspec
I, [2014-03-09T21:17:34.959131 #49154]  INFO -- : 0:  hashie (2.0.5) from /Users/silvis/.rvm/gems/ruby-1.9.3-p484/specifications/hashie-2.0.5.gemspec
I, [2014-03-09T21:17:34.959535 #49154]  INFO -- : 0:  net-http-persistent (2.8) from /Users/silvis/.rvm/gems/ruby-1.9.3-p484/specifications/net-http-persistent-2.8.gemspec
I, [2014-03-09T21:17:34.959838 #49154]  INFO -- : 0:  mime-types (1.23) from /Users/silvis/.rvm/gems/ruby-1.9.3-p484/specifications/mime-types-1.23.gemspec
I, [2014-03-09T21:17:34.960107 #49154]  INFO -- : 0:  rest-client (1.6.7) from /Users/silvis/.rvm/gems/ruby-1.9.3-p484/specifications/rest-client-1.6.7.gemspec
I, [2014-03-09T21:17:34.960372 #49154]  INFO -- : 0:  rest (2.6.3) from /Users/silvis/.rvm/gems/ruby-1.9.3-p484/specifications/rest-2.6.3.gemspec
I, [2014-03-09T21:17:34.960637 #49154]  INFO -- : 0:  iron_core (0.6.2) from /Users/silvis/.rvm/gems/ruby-1.9.3-p484/specifications/iron_core-0.6.2.gemspec
I, [2014-03-09T21:17:34.960901 #49154]  INFO -- : 0:  iron_mq (4.0.3) from /Users/silvis/.rvm/gems/ruby-1.9.3-p484/specifications/iron_mq-4.0.3.gemspec
I, [2014-03-09T21:17:34.961162 #49154]  INFO -- : 0:  patron (0.4.18) from /Users/silvis/.rvm/gems/ruby-1.9.3-p484/specifications/patron-0.4.18.gemspec
I, [2014-03-09T21:17:34.961425 #49154]  INFO -- : 0:  parse-ruby-client (0.1.15) from /Users/silvis/.rvm/gems/ruby-1.9.3-p484/specifications/parse-ruby-client-0.1.15.gemspec
I, [2014-03-09T21:17:34.961681 #49154]  INFO -- : 0:  bundler (1.5.1) from /Users/silvis/.rvm/gems/ruby-1.9.3-p484@global/specifications/bundler-1.5.1.gemspec
I, [2014-03-09T21:21:07.509110 #50244]  INFO -- : 0:  hashie (2.0.5) from /Users/silvis/.rvm/gems/ruby-2.0.0-p353/specifications/hashie-2.0.5.gemspec
I, [2014-03-09T21:21:07.509726 #50244]  INFO -- : 0:  net-http-persistent (2.8) from /Users/silvis/.rvm/gems/ruby-2.0.0-p353/specifications/net-http-persistent-2.8.gemspec
I, [2014-03-09T21:21:07.510163 #50244]  INFO -- : 0:  mime-types (1.23) from /Users/silvis/.rvm/gems/ruby-2.0.0-p353/specifications/mime-types-1.23.gemspec
I, [2014-03-09T21:21:07.510585 #50244]  INFO -- : 0:  rest-client (1.6.7) from /Users/silvis/.rvm/gems/ruby-2.0.0-p353/specifications/rest-client-1.6.7.gemspec
I, [2014-03-09T21:21:07.510853 #50244]  INFO -- : 0:  rest (2.6.3) from /Users/silvis/.rvm/gems/ruby-2.0.0-p353/specifications/rest-2.6.3.gemspec
I, [2014-03-09T21:21:07.511084 #50244]  INFO -- : 0:  iron_core (0.6.2) from /Users/silvis/.rvm/gems/ruby-2.0.0-p353/specifications/iron_core-0.6.2.gemspec
I, [2014-03-09T21:21:07.511270 #50244]  INFO -- : 0:  iron_mq (4.0.3) from /Users/silvis/.rvm/gems/ruby-2.0.0-p353/specifications/iron_mq-4.0.3.gemspec
I, [2014-03-09T21:21:07.511452 #50244]  INFO -- : 0:  patron (0.4.18) from /Users/silvis/.rvm/gems/ruby-2.0.0-p353/specifications/patron-0.4.18.gemspec
I, [2014-03-09T21:21:07.511632 #50244]  INFO -- : 0:  parse-ruby-client (0.1.15) from /Users/silvis/.rvm/gems/ruby-2.0.0-p353/specifications/parse-ruby-client-0.1.15.gemspec
I, [2014-03-09T21:21:07.511804 #50244]  INFO -- : 0:  bundler (1.5.1) from /Users/silvis/.rvm/gems/ruby-2.0.0-p353@global/specifications/bundler-1.5.1.gemspec
I, [2014-03-09T21:24:09.310573 #50615]  INFO -- : 0:  hashie (2.0.5) from /Users/silvis/.rvm/gems/ruby-2.0.0-p353/specifications/hashie-2.0.5.gemspec
I, [2014-03-09T21:24:09.310959 #50615]  INFO -- : 0:  net-http-persistent (2.9.4) from /Users/silvis/.rvm/gems/ruby-2.0.0-p353/specifications/net-http-persistent-2.9.4.gemspec
I, [2014-03-09T21:24:09.311187 #50615]  INFO -- : 0:  netrc (0.7.7) from /Users/silvis/.rvm/gems/ruby-2.0.0-p353/specifications/netrc-0.7.7.gemspec
I, [2014-03-09T21:24:09.311404 #50615]  INFO -- : 0:  rest_client (1.7.3) from /Users/silvis/.rvm/gems/ruby-2.0.0-p353/specifications/rest_client-1.7.3.gemspec
I, [2014-03-09T21:24:09.325477 #50615]  INFO -- : 0:  rest (2.7.1) from /Users/silvis/.rvm/gems/ruby-2.0.0-p353/specifications/rest-2.7.1.gemspec
I, [2014-03-09T21:24:09.325982 #50615]  INFO -- : 0:  iron_core (1.0.3) from /Users/silvis/.rvm/gems/ruby-2.0.0-p353/specifications/iron_core-1.0.3.gemspec
I, [2014-03-09T21:24:10.237857 #50615]  INFO -- : 0:  iron_mq (5.0.1) from /Users/silvis/.rvm/gems/ruby-2.0.0-p353/specifications/iron_mq-5.0.1.gemspec
I, [2014-03-09T21:24:10.238413 #50615]  INFO -- : 0:  patron (0.4.18) from /Users/silvis/.rvm/gems/ruby-2.0.0-p353/specifications/patron-0.4.18.gemspec
I, [2014-03-09T21:24:10.988779 #50615]  INFO -- : 0:  parse-ruby-client (0.2.0) from /Users/silvis/.rvm/gems/ruby-2.0.0-p353/specifications/parse-ruby-client-0.2.0.gemspec
I, [2014-03-09T21:24:10.989179 #50615]  INFO -- : 0:  bundler (1.5.1) from /Users/silvis/.rvm/gems/ruby-2.0.0-p353@global/specifications/bundler-1.5.1.gemspec
I, [2014-03-09T21:24:30.639517 #50811]  INFO -- : 0:  hashie (2.0.5) from /Users/silvis/.rvm/gems/ruby-2.0.0-p353/specifications/hashie-2.0.5.gemspec
I, [2014-03-09T21:24:30.639853 #50811]  INFO -- : 0:  net-http-persistent (2.9.4) from /Users/silvis/.rvm/gems/ruby-2.0.0-p353/specifications/net-http-persistent-2.9.4.gemspec
I, [2014-03-09T21:24:30.640056 #50811]  INFO -- : 0:  netrc (0.7.7) from /Users/silvis/.rvm/gems/ruby-2.0.0-p353/specifications/netrc-0.7.7.gemspec
I, [2014-03-09T21:24:30.640255 #50811]  INFO -- : 0:  rest_client (1.7.3) from /Users/silvis/.rvm/gems/ruby-2.0.0-p353/specifications/rest_client-1.7.3.gemspec
I, [2014-03-09T21:24:30.640479 #50811]  INFO -- : 0:  rest (2.7.1) from /Users/silvis/.rvm/gems/ruby-2.0.0-p353/specifications/rest-2.7.1.gemspec
I, [2014-03-09T21:24:30.640759 #50811]  INFO -- : 0:  iron_core (1.0.3) from /Users/silvis/.rvm/gems/ruby-2.0.0-p353/specifications/iron_core-1.0.3.gemspec
I, [2014-03-09T21:24:30.641153 #50811]  INFO -- : 0:  iron_mq (5.0.1) from /Users/silvis/.rvm/gems/ruby-2.0.0-p353/specifications/iron_mq-5.0.1.gemspec
I, [2014-03-09T21:24:30.641560 #50811]  INFO -- : 0:  patron (0.4.18) from /Users/silvis/.rvm/gems/ruby-2.0.0-p353/specifications/patron-0.4.18.gemspec
I, [2014-03-09T21:24:30.641968 #50811]  INFO -- : 0:  parse-ruby-client (0.2.0) from /Users/silvis/.rvm/gems/ruby-2.0.0-p353/specifications/parse-ruby-client-0.2.0.gemspec
I, [2014-03-09T21:24:30.642373 #50811]  INFO -- : 0:  bundler (1.5.1) from /Users/silvis/.rvm/gems/ruby-2.0.0-p353@global/specifications/bundler-1.5.1.gemspec
I, [2014-03-09T21:24:38.424563 #50818]  INFO -- : 0:  hashie (2.0.5) from /Users/silvis/.rvm/gems/ruby-2.0.0-p353/specifications/hashie-2.0.5.gemspec
I, [2014-03-09T21:24:38.424909 #50818]  INFO -- : 0:  net-http-persistent (2.9.4) from /Users/silvis/.rvm/gems/ruby-2.0.0-p353/specifications/net-http-persistent-2.9.4.gemspec
I, [2014-03-09T21:24:38.425114 #50818]  INFO -- : 0:  netrc (0.7.7) from /Users/silvis/.rvm/gems/ruby-2.0.0-p353/specifications/netrc-0.7.7.gemspec
I, [2014-03-09T21:24:38.425303 #50818]  INFO -- : 0:  rest_client (1.7.3) from /Users/silvis/.rvm/gems/ruby-2.0.0-p353/specifications/rest_client-1.7.3.gemspec
I, [2014-03-09T21:24:38.425503 #50818]  INFO -- : 0:  rest (2.7.1) from /Users/silvis/.rvm/gems/ruby-2.0.0-p353/specifications/rest-2.7.1.gemspec
I, [2014-03-09T21:24:38.425691 #50818]  INFO -- : 0:  iron_core (1.0.3) from /Users/silvis/.rvm/gems/ruby-2.0.0-p353/specifications/iron_core-1.0.3.gemspec
I, [2014-03-09T21:24:38.425885 #50818]  INFO -- : 0:  iron_mq (5.0.1) from /Users/silvis/.rvm/gems/ruby-2.0.0-p353/specifications/iron_mq-5.0.1.gemspec
I, [2014-03-09T21:24:38.426071 #50818]  INFO -- : 0:  patron (0.4.18) from /Users/silvis/.rvm/gems/ruby-2.0.0-p353/specifications/patron-0.4.18.gemspec
I, [2014-03-09T21:24:38.426262 #50818]  INFO -- : 0:  parse-ruby-client (0.2.0) from /Users/silvis/.rvm/gems/ruby-2.0.0-p353/specifications/parse-ruby-client-0.2.0.gemspec
I, [2014-03-09T21:24:38.426450 #50818]  INFO -- : 0:  bundler (1.5.1) from /Users/silvis/.rvm/gems/ruby-2.0.0-p353@global/specifications/bundler-1.5.1.gemspec
I, [2014-03-13T19:15:40.323869 #48850]  INFO -- : 0:  hashie (2.0.5) from /Users/silvis/.rvm/gems/ruby-2.1.0/specifications/hashie-2.0.5.gemspec
I, [2014-03-13T19:15:41.840068 #48850]  INFO -- : 0:  net-http-persistent (2.9.4) from /Users/silvis/.rvm/gems/ruby-2.1.0/specifications/net-http-persistent-2.9.4.gemspec
I, [2014-03-13T19:15:42.782820 #48850]  INFO -- : 0:  netrc (0.7.7) from /Users/silvis/.rvm/gems/ruby-2.1.0/specifications/netrc-0.7.7.gemspec
I, [2014-03-13T19:15:44.662535 #48850]  INFO -- : 0:  rest_client (1.7.3) from /Users/silvis/.rvm/gems/ruby-2.1.0/specifications/rest_client-1.7.3.gemspec
I, [2014-03-13T19:15:45.930630 #48850]  INFO -- : 0:  rest (2.7.1) from /Users/silvis/.rvm/gems/ruby-2.1.0/specifications/rest-2.7.1.gemspec
I, [2014-03-13T19:15:47.133331 #48850]  INFO -- : 0:  iron_core (1.0.3) from /Users/silvis/.rvm/gems/ruby-2.1.0/specifications/iron_core-1.0.3.gemspec
I, [2014-03-13T19:15:48.614287 #48850]  INFO -- : 0:  iron_mq (5.0.1) from /Users/silvis/.rvm/gems/ruby-2.1.0/specifications/iron_mq-5.0.1.gemspec
I, [2014-03-13T19:15:50.892894 #48850]  INFO -- : 0:  patron (0.4.18) from /Users/silvis/.rvm/gems/ruby-2.1.0/specifications/patron-0.4.18.gemspec
I, [2014-03-13T19:15:52.862369 #48850]  INFO -- : 0:  parse-ruby-client (0.2.0) from /Users/silvis/.rvm/gems/ruby-2.1.0/specifications/parse-ruby-client-0.2.0.gemspec
I, [2014-03-13T19:15:52.862830 #48850]  INFO -- : 0:  bundler (1.5.1) from /Users/silvis/.rvm/gems/ruby-2.1.0@global/specifications/bundler-1.5.1.gemspec
I, [2014-04-16T14:00:41.951678 #17142]  INFO -- : 0:  hashie (2.0.5) from /Users/silvis/.rvm/gems/ruby-2.1.0/specifications/hashie-2.0.5.gemspec
I, [2014-04-16T14:00:41.952721 #17142]  INFO -- : 0:  net-http-persistent (2.9.4) from /Users/silvis/.rvm/gems/ruby-2.1.0/specifications/net-http-persistent-2.9.4.gemspec
I, [2014-04-16T14:00:41.953032 #17142]  INFO -- : 0:  netrc (0.7.7) from /Users/silvis/.rvm/gems/ruby-2.1.0/specifications/netrc-0.7.7.gemspec
I, [2014-04-16T14:00:41.953316 #17142]  INFO -- : 0:  rest_client (1.7.3) from /Users/silvis/.rvm/gems/ruby-2.1.0/specifications/rest_client-1.7.3.gemspec
I, [2014-04-16T14:00:41.953590 #17142]  INFO -- : 0:  rest (2.7.1) from /Users/silvis/.rvm/gems/ruby-2.1.0/specifications/rest-2.7.1.gemspec
I, [2014-04-16T14:00:41.953865 #17142]  INFO -- : 0:  iron_core (1.0.3) from /Users/silvis/.rvm/gems/ruby-2.1.0/specifications/iron_core-1.0.3.gemspec
I, [2014-04-16T14:00:41.954122 #17142]  INFO -- : 0:  iron_mq (5.0.1) from /Users/silvis/.rvm/gems/ruby-2.1.0/specifications/iron_mq-5.0.1.gemspec
I, [2014-04-16T14:00:41.954361 #17142]  INFO -- : 0:  patron (0.4.18) from /Users/silvis/.rvm/gems/ruby-2.1.0/specifications/patron-0.4.18.gemspec
I, [2014-04-16T14:00:41.954596 #17142]  INFO -- : 0:  parse-ruby-client (0.2.0) from /Users/silvis/.rvm/gems/ruby-2.1.0/specifications/parse-ruby-client-0.2.0.gemspec
I, [2014-04-16T14:00:41.954823 #17142]  INFO -- : 0:  bundler (1.5.1) from /Users/silvis/.rvm/gems/ruby-2.1.0@global/specifications/bundler-1.5.1.gemspec
I, [2014-04-21T15:17:58.644887 #25023]  INFO -- : 0:  rake (10.1.1) from /Users/silvis/.rvm/gems/ruby-2.1.0/specifications/rake-10.1.1.gemspec
I, [2014-04-21T15:17:58.645274 #25023]  INFO -- : 0:  hashie (2.0.5) from /Users/silvis/.rvm/gems/ruby-2.1.0/specifications/hashie-2.0.5.gemspec
I, [2014-04-21T15:17:58.645552 #25023]  INFO -- : 0:  net-http-persistent (2.9.4) from /Users/silvis/.rvm/gems/ruby-2.1.0/specifications/net-http-persistent-2.9.4.gemspec
I, [2014-04-21T15:17:58.645824 #25023]  INFO -- : 0:  netrc (0.7.7) from /Users/silvis/.rvm/gems/ruby-2.1.0/specifications/netrc-0.7.7.gemspec
I, [2014-04-21T15:17:58.646084 #25023]  INFO -- : 0:  rest_client (1.7.3) from /Users/silvis/.rvm/gems/ruby-2.1.0/specifications/rest_client-1.7.3.gemspec
I, [2014-04-21T15:17:58.646354 #25023]  INFO -- : 0:  rest (2.7.1) from /Users/silvis/.rvm/gems/ruby-2.1.0/specifications/rest-2.7.1.gemspec
I, [2014-04-21T15:17:58.646642 #25023]  INFO -- : 0:  iron_core (1.0.3) from /Users/silvis/.rvm/gems/ruby-2.1.0/specifications/iron_core-1.0.3.gemspec
I, [2014-04-21T15:17:58.646910 #25023]  INFO -- : 0:  iron_mq (5.0.1) from /Users/silvis/.rvm/gems/ruby-2.1.0/specifications/iron_mq-5.0.1.gemspec
I, [2014-04-21T15:17:58.647174 #25023]  INFO -- : 0:  patron (0.4.18) from /Users/silvis/.rvm/gems/ruby-2.1.0/specifications/patron-0.4.18.gemspec
I, [2014-04-21T15:17:58.647473 #25023]  INFO -- : 0:  parse-ruby-client (0.2.0) from /Users/silvis/.rvm/gems/ruby-2.1.0/specifications/parse-ruby-client-0.2.0.gemspec
I, [2014-04-21T15:17:58.647722 #25023]  INFO -- : 0:  bundler (1.5.1) from /Users/silvis/.rvm/gems/ruby-2.1.0@global/specifications/bundler-1.5.1.gemspec
